{"message":"Could not get notes","stack":"Error: Could not get notes\n    at C:\\Users\\leonl\\dev\\mongo_notes\\routes\\notes.js:10:9\n    at newFn (C:\\Users\\leonl\\dev\\mongo_notes\\node_modules\\express-async-errors\\index.js:16:20)\n    at Layer.handle [as handle_request] (C:\\Users\\leonl\\dev\\mongo_notes\\node_modules\\express\\lib\\router\\layer.js:95:5)\n    at next (C:\\Users\\leonl\\dev\\mongo_notes\\node_modules\\express\\lib\\router\\route.js:137:13)\n    at Route.dispatch (C:\\Users\\leonl\\dev\\mongo_notes\\node_modules\\express\\lib\\router\\route.js:112:3)\n    at newFn (C:\\Users\\leonl\\dev\\mongo_notes\\node_modules\\express-async-errors\\index.js:16:20)\n    at Layer.handle [as handle_request] (C:\\Users\\leonl\\dev\\mongo_notes\\node_modules\\express\\lib\\router\\layer.js:95:5)\n    at C:\\Users\\leonl\\dev\\mongo_notes\\node_modules\\express\\lib\\router\\index.js:281:22\n    at Function.process_params (C:\\Users\\leonl\\dev\\mongo_notes\\node_modules\\express\\lib\\router\\index.js:335:12)\n    at next (C:\\Users\\leonl\\dev\\mongo_notes\\node_modules\\express\\lib\\router\\index.js:275:10)\n    at Function.handle (C:\\Users\\leonl\\dev\\mongo_notes\\node_modules\\express\\lib\\router\\index.js:174:3)\n    at router (C:\\Users\\leonl\\dev\\mongo_notes\\node_modules\\express\\lib\\router\\index.js:47:12)\n    at newFn (C:\\Users\\leonl\\dev\\mongo_notes\\node_modules\\express-async-errors\\index.js:16:20)\n    at Layer.handle [as handle_request] (C:\\Users\\leonl\\dev\\mongo_notes\\node_modules\\express\\lib\\router\\layer.js:95:5)\n    at trim_prefix (C:\\Users\\leonl\\dev\\mongo_notes\\node_modules\\express\\lib\\router\\index.js:317:13)\n    at C:\\Users\\leonl\\dev\\mongo_notes\\node_modules\\express\\lib\\router\\index.js:284:7","level":"error","timestamp":"2020-12-14T05:17:00.488Z"}
{"message":"Could not get notes","stack":"Error: Could not get notes\n    at C:\\Users\\leonl\\dev\\mongo_notes\\routes\\notes.js:10:9\n    at newFn (C:\\Users\\leonl\\dev\\mongo_notes\\node_modules\\express-async-errors\\index.js:16:20)\n    at Layer.handle [as handle_request] (C:\\Users\\leonl\\dev\\mongo_notes\\node_modules\\express\\lib\\router\\layer.js:95:5)\n    at next (C:\\Users\\leonl\\dev\\mongo_notes\\node_modules\\express\\lib\\router\\route.js:137:13)\n    at Route.dispatch (C:\\Users\\leonl\\dev\\mongo_notes\\node_modules\\express\\lib\\router\\route.js:112:3)\n    at newFn (C:\\Users\\leonl\\dev\\mongo_notes\\node_modules\\express-async-errors\\index.js:16:20)\n    at Layer.handle [as handle_request] (C:\\Users\\leonl\\dev\\mongo_notes\\node_modules\\express\\lib\\router\\layer.js:95:5)\n    at C:\\Users\\leonl\\dev\\mongo_notes\\node_modules\\express\\lib\\router\\index.js:281:22\n    at Function.process_params (C:\\Users\\leonl\\dev\\mongo_notes\\node_modules\\express\\lib\\router\\index.js:335:12)\n    at next (C:\\Users\\leonl\\dev\\mongo_notes\\node_modules\\express\\lib\\router\\index.js:275:10)\n    at Function.handle (C:\\Users\\leonl\\dev\\mongo_notes\\node_modules\\express\\lib\\router\\index.js:174:3)\n    at router (C:\\Users\\leonl\\dev\\mongo_notes\\node_modules\\express\\lib\\router\\index.js:47:12)\n    at newFn (C:\\Users\\leonl\\dev\\mongo_notes\\node_modules\\express-async-errors\\index.js:16:20)\n    at Layer.handle [as handle_request] (C:\\Users\\leonl\\dev\\mongo_notes\\node_modules\\express\\lib\\router\\layer.js:95:5)\n    at trim_prefix (C:\\Users\\leonl\\dev\\mongo_notes\\node_modules\\express\\lib\\router\\index.js:317:13)\n    at C:\\Users\\leonl\\dev\\mongo_notes\\node_modules\\express\\lib\\router\\index.js:284:7","level":"error","timestamp":"2020-12-14T05:36:09.289Z"}
{"message":"Could not get notes","stack":"Error: Could not get notes\n    at C:\\Users\\leonl\\dev\\mongo_notes\\routes\\notes.js:10:9\n    at newFn (C:\\Users\\leonl\\dev\\mongo_notes\\node_modules\\express-async-errors\\index.js:16:20)\n    at Layer.handle [as handle_request] (C:\\Users\\leonl\\dev\\mongo_notes\\node_modules\\express\\lib\\router\\layer.js:95:5)\n    at next (C:\\Users\\leonl\\dev\\mongo_notes\\node_modules\\express\\lib\\router\\route.js:137:13)\n    at Route.dispatch (C:\\Users\\leonl\\dev\\mongo_notes\\node_modules\\express\\lib\\router\\route.js:112:3)\n    at newFn (C:\\Users\\leonl\\dev\\mongo_notes\\node_modules\\express-async-errors\\index.js:16:20)\n    at Layer.handle [as handle_request] (C:\\Users\\leonl\\dev\\mongo_notes\\node_modules\\express\\lib\\router\\layer.js:95:5)\n    at C:\\Users\\leonl\\dev\\mongo_notes\\node_modules\\express\\lib\\router\\index.js:281:22\n    at Function.process_params (C:\\Users\\leonl\\dev\\mongo_notes\\node_modules\\express\\lib\\router\\index.js:335:12)\n    at next (C:\\Users\\leonl\\dev\\mongo_notes\\node_modules\\express\\lib\\router\\index.js:275:10)\n    at Function.handle (C:\\Users\\leonl\\dev\\mongo_notes\\node_modules\\express\\lib\\router\\index.js:174:3)\n    at router (C:\\Users\\leonl\\dev\\mongo_notes\\node_modules\\express\\lib\\router\\index.js:47:12)\n    at newFn (C:\\Users\\leonl\\dev\\mongo_notes\\node_modules\\express-async-errors\\index.js:16:20)\n    at Layer.handle [as handle_request] (C:\\Users\\leonl\\dev\\mongo_notes\\node_modules\\express\\lib\\router\\layer.js:95:5)\n    at trim_prefix (C:\\Users\\leonl\\dev\\mongo_notes\\node_modules\\express\\lib\\router\\index.js:317:13)\n    at C:\\Users\\leonl\\dev\\mongo_notes\\node_modules\\express\\lib\\router\\index.js:284:7","level":"error","timestamp":"2020-12-14T05:37:47.997Z"}
{"message":"Could not get notes","stack":"Error: Could not get notes\n    at C:\\Users\\leonl\\dev\\mongo_notes\\routes\\notes.js:10:9\n    at newFn (C:\\Users\\leonl\\dev\\mongo_notes\\node_modules\\express-async-errors\\index.js:16:20)\n    at Layer.handle [as handle_request] (C:\\Users\\leonl\\dev\\mongo_notes\\node_modules\\express\\lib\\router\\layer.js:95:5)\n    at next (C:\\Users\\leonl\\dev\\mongo_notes\\node_modules\\express\\lib\\router\\route.js:137:13)\n    at Route.dispatch (C:\\Users\\leonl\\dev\\mongo_notes\\node_modules\\express\\lib\\router\\route.js:112:3)\n    at newFn (C:\\Users\\leonl\\dev\\mongo_notes\\node_modules\\express-async-errors\\index.js:16:20)\n    at Layer.handle [as handle_request] (C:\\Users\\leonl\\dev\\mongo_notes\\node_modules\\express\\lib\\router\\layer.js:95:5)\n    at C:\\Users\\leonl\\dev\\mongo_notes\\node_modules\\express\\lib\\router\\index.js:281:22\n    at Function.process_params (C:\\Users\\leonl\\dev\\mongo_notes\\node_modules\\express\\lib\\router\\index.js:335:12)\n    at next (C:\\Users\\leonl\\dev\\mongo_notes\\node_modules\\express\\lib\\router\\index.js:275:10)\n    at Function.handle (C:\\Users\\leonl\\dev\\mongo_notes\\node_modules\\express\\lib\\router\\index.js:174:3)\n    at router (C:\\Users\\leonl\\dev\\mongo_notes\\node_modules\\express\\lib\\router\\index.js:47:12)\n    at newFn (C:\\Users\\leonl\\dev\\mongo_notes\\node_modules\\express-async-errors\\index.js:16:20)\n    at Layer.handle [as handle_request] (C:\\Users\\leonl\\dev\\mongo_notes\\node_modules\\express\\lib\\router\\layer.js:95:5)\n    at trim_prefix (C:\\Users\\leonl\\dev\\mongo_notes\\node_modules\\express\\lib\\router\\index.js:317:13)\n    at C:\\Users\\leonl\\dev\\mongo_notes\\node_modules\\express\\lib\\router\\index.js:284:7","level":"error","timestamp":"2020-12-14T05:38:19.781Z"}
{"message":"Could not get notes","stack":"Error: Could not get notes\n    at C:\\Users\\leonl\\dev\\mongo_notes\\routes\\notes.js:10:9\n    at newFn (C:\\Users\\leonl\\dev\\mongo_notes\\node_modules\\express-async-errors\\index.js:16:20)\n    at Layer.handle [as handle_request] (C:\\Users\\leonl\\dev\\mongo_notes\\node_modules\\express\\lib\\router\\layer.js:95:5)\n    at next (C:\\Users\\leonl\\dev\\mongo_notes\\node_modules\\express\\lib\\router\\route.js:137:13)\n    at Route.dispatch (C:\\Users\\leonl\\dev\\mongo_notes\\node_modules\\express\\lib\\router\\route.js:112:3)\n    at newFn (C:\\Users\\leonl\\dev\\mongo_notes\\node_modules\\express-async-errors\\index.js:16:20)\n    at Layer.handle [as handle_request] (C:\\Users\\leonl\\dev\\mongo_notes\\node_modules\\express\\lib\\router\\layer.js:95:5)\n    at C:\\Users\\leonl\\dev\\mongo_notes\\node_modules\\express\\lib\\router\\index.js:281:22\n    at Function.process_params (C:\\Users\\leonl\\dev\\mongo_notes\\node_modules\\express\\lib\\router\\index.js:335:12)\n    at next (C:\\Users\\leonl\\dev\\mongo_notes\\node_modules\\express\\lib\\router\\index.js:275:10)\n    at Function.handle (C:\\Users\\leonl\\dev\\mongo_notes\\node_modules\\express\\lib\\router\\index.js:174:3)\n    at router (C:\\Users\\leonl\\dev\\mongo_notes\\node_modules\\express\\lib\\router\\index.js:47:12)\n    at newFn (C:\\Users\\leonl\\dev\\mongo_notes\\node_modules\\express-async-errors\\index.js:16:20)\n    at Layer.handle [as handle_request] (C:\\Users\\leonl\\dev\\mongo_notes\\node_modules\\express\\lib\\router\\layer.js:95:5)\n    at trim_prefix (C:\\Users\\leonl\\dev\\mongo_notes\\node_modules\\express\\lib\\router\\index.js:317:13)\n    at C:\\Users\\leonl\\dev\\mongo_notes\\node_modules\\express\\lib\\router\\index.js:284:7","level":"error","timestamp":"2020-12-14T05:38:40.056Z"}
{"message":"Could not get notes","stack":"Error: Could not get notes\n    at C:\\Users\\leonl\\dev\\mongo_notes\\routes\\notes.js:10:9\n    at newFn (C:\\Users\\leonl\\dev\\mongo_notes\\node_modules\\express-async-errors\\index.js:16:20)\n    at Layer.handle [as handle_request] (C:\\Users\\leonl\\dev\\mongo_notes\\node_modules\\express\\lib\\router\\layer.js:95:5)\n    at next (C:\\Users\\leonl\\dev\\mongo_notes\\node_modules\\express\\lib\\router\\route.js:137:13)\n    at Route.dispatch (C:\\Users\\leonl\\dev\\mongo_notes\\node_modules\\express\\lib\\router\\route.js:112:3)\n    at newFn (C:\\Users\\leonl\\dev\\mongo_notes\\node_modules\\express-async-errors\\index.js:16:20)\n    at Layer.handle [as handle_request] (C:\\Users\\leonl\\dev\\mongo_notes\\node_modules\\express\\lib\\router\\layer.js:95:5)\n    at C:\\Users\\leonl\\dev\\mongo_notes\\node_modules\\express\\lib\\router\\index.js:281:22\n    at Function.process_params (C:\\Users\\leonl\\dev\\mongo_notes\\node_modules\\express\\lib\\router\\index.js:335:12)\n    at next (C:\\Users\\leonl\\dev\\mongo_notes\\node_modules\\express\\lib\\router\\index.js:275:10)\n    at Function.handle (C:\\Users\\leonl\\dev\\mongo_notes\\node_modules\\express\\lib\\router\\index.js:174:3)\n    at router (C:\\Users\\leonl\\dev\\mongo_notes\\node_modules\\express\\lib\\router\\index.js:47:12)\n    at newFn (C:\\Users\\leonl\\dev\\mongo_notes\\node_modules\\express-async-errors\\index.js:16:20)\n    at Layer.handle [as handle_request] (C:\\Users\\leonl\\dev\\mongo_notes\\node_modules\\express\\lib\\router\\layer.js:95:5)\n    at trim_prefix (C:\\Users\\leonl\\dev\\mongo_notes\\node_modules\\express\\lib\\router\\index.js:317:13)\n    at C:\\Users\\leonl\\dev\\mongo_notes\\node_modules\\express\\lib\\router\\index.js:284:7","level":"error","timestamp":"2020-12-14T05:38:50.804Z"}
{"level":"info","message":"Connected to MongoDB!","timestamp":"2020-12-14T05:54:55.657Z"}
{"level":"info","message":"Connected to MongoDB!","timestamp":"2020-12-14T05:55:43.244Z"}
{"level":"info","message":"Connected to MongoDB!","timestamp":"2020-12-14T05:58:36.451Z"}
{"level":"info","message":"Connected to MongoDB!","timestamp":"2020-12-14T05:58:59.088Z"}
{"level":"info","message":"Connected to MongoDB!","timestamp":"2020-12-14T05:59:51.271Z"}
{"level":"info","message":"Connected to MongoDB!","timestamp":"2020-12-14T06:00:45.764Z"}
{"level":"info","message":"Connected to MongoDB!","timestamp":"2020-12-14T06:02:14.699Z"}
{"level":"info","message":"Connected to MongoDB!","timestamp":"2020-12-14T06:02:57.723Z"}
{"level":"info","message":"Connected to MongoDB!","timestamp":"2020-12-14T06:03:10.334Z"}
{"level":"info","message":"Connected to MongoDB!","timestamp":"2020-12-14T06:03:46.487Z"}
{"level":"info","message":"Connected to MongoDB!","timestamp":"2020-12-14T06:04:15.424Z"}
{"level":"info","message":"Listening on port 3000...","timestamp":"2020-12-14T06:07:12.606Z"}
{"level":"info","message":"Connected to MongoDB!","timestamp":"2020-12-14T06:07:12.636Z"}
{"level":"info","message":"Listening on port 3000...","timestamp":"2020-12-14T06:09:13.049Z"}
{"level":"info","message":"Connected to MongoDB!","timestamp":"2020-12-14T06:09:13.077Z"}
{"level":"info","message":"Listening on port 3000...","timestamp":"2020-12-14T06:09:50.065Z"}
{"level":"info","message":"Connected to MongoDB!","timestamp":"2020-12-14T06:09:50.092Z"}
{"level":"info","message":"Listening on port 3000...","timestamp":"2020-12-14T06:11:59.285Z"}
{"level":"info","message":"Connected to MongoDB!","timestamp":"2020-12-14T06:11:59.326Z"}
{"level":"info","message":"Listening on port 3000...","timestamp":"2020-12-14T06:39:44.620Z"}
{"level":"info","message":"Connected to MongoDB!","timestamp":"2020-12-14T06:39:44.647Z"}
{"level":"info","message":"Listening on port 3000...","timestamp":"2020-12-14T06:43:55.368Z"}
{"level":"info","message":"Connected to mongodb://localhost/mynotesdb!","timestamp":"2020-12-14T06:43:55.394Z"}
{"level":"info","message":"Listening on port 3000...","timestamp":"2020-12-14T06:46:58.051Z"}
{"level":"info","message":"Listening on port 3000...","timestamp":"2020-12-17T18:16:17.152Z"}
{"level":"info","message":"Connected to mongodb://localhost/mynotesdb","timestamp":"2020-12-17T18:16:17.191Z"}
{"level":"info","message":"Listening on port 3000...","timestamp":"2020-12-17T18:35:45.432Z"}
{"level":"info","message":"Connected to mongodb://localhost/mynotesdb","timestamp":"2020-12-17T18:35:45.453Z"}
{"level":"info","message":"Listening on port 5000...","timestamp":"2020-12-17T18:36:14.037Z"}
{"level":"info","message":"Connected to mongodb://localhost/mynotesdb","timestamp":"2020-12-17T18:36:14.054Z"}
{"level":"info","message":"Listening on port 5000...","timestamp":"2020-12-17T18:36:33.416Z"}
{"level":"info","message":"Connected to mongodb://localhost/mynotesdb","timestamp":"2020-12-17T18:36:33.432Z"}
{"level":"info","message":"Listening on port 5000...","timestamp":"2020-12-17T19:10:57.427Z"}
{"level":"info","message":"Connected to mongodb+srv://leonli:1582@notesdb.efalk.mongodb.net/notes?retryWrites=true&w=majority","timestamp":"2020-12-17T19:10:58.193Z"}
{"level":"info","message":"Listening on port 3000...","timestamp":"2020-12-17T19:11:48.291Z"}
{"level":"info","message":"Connected to mongodb+srv://leonli:1582@notesdb.efalk.mongodb.net/notes?retryWrites=true&w=majority","timestamp":"2020-12-17T19:11:48.869Z"}
{"level":"info","message":"Listening on port 3000...","timestamp":"2020-12-17T19:19:25.523Z"}
{"level":"info","message":"Connected to mongodb+srv://leonli:1582@notesdb.efalk.mongodb.net/notes?retryWrites=true&w=majority","timestamp":"2020-12-17T19:19:26.201Z"}
{"level":"info","message":"Listening on port 3000...","timestamp":"2020-12-17T19:44:07.030Z"}
{"level":"info","message":"Connected to mongodb+srv://leonli:1582@notesdb.efalk.mongodb.net/notes?retryWrites=true&w=majority","timestamp":"2020-12-17T19:44:07.638Z"}
{"level":"info","message":"Listening on port 3000...","timestamp":"2020-12-17T19:44:42.957Z"}
{"level":"info","message":"Connected to mongodb+srv://leonli:1582@notesdb.efalk.mongodb.net/notes?retryWrites=true&w=majority","timestamp":"2020-12-17T19:44:43.537Z"}
{"level":"info","message":"Listening on port 3000...","timestamp":"2020-12-17T19:45:18.046Z"}
{"level":"info","message":"Connected to mongodb+srv://leonli:1582@notesdb.efalk.mongodb.net/notes?retryWrites=true&w=majority","timestamp":"2020-12-17T19:45:18.609Z"}
{"level":"info","message":"Listening on port 3000...","timestamp":"2020-12-17T19:47:02.336Z"}
{"level":"info","message":"Connected to mongodb+srv://leonli:1582@notesdb.efalk.mongodb.net/notes?retryWrites=true&w=majority","timestamp":"2020-12-17T19:47:02.898Z"}
{"level":"info","message":"Listening on port 3000...","timestamp":"2020-12-17T19:52:18.562Z"}
{"level":"info","message":"Connected to mongodb+srv://leonli:1582@notesdb.efalk.mongodb.net/notes?retryWrites=true&w=majority","timestamp":"2020-12-17T19:52:19.142Z"}
{"level":"info","message":"Listening on port 3000...","timestamp":"2020-12-17T19:54:39.258Z"}
{"level":"info","message":"Connected to mongodb+srv://leonli:1582@notesdb.efalk.mongodb.net/notes?retryWrites=true&w=majority","timestamp":"2020-12-17T19:54:39.941Z"}
{"level":"info","message":"Listening on port 3000...","timestamp":"2020-12-17T20:00:18.138Z"}
{"level":"info","message":"Connected to mongodb+srv://leonli:1582@notesdb.efalk.mongodb.net/notes?retryWrites=true&w=majority","timestamp":"2020-12-17T20:00:18.768Z"}
{"level":"info","message":"Listening on port 5000...","timestamp":"2020-12-17T20:03:58.854Z"}
{"level":"info","message":"Connected to mongodb+srv://leonli:1582@notesdb.efalk.mongodb.net/notes?retryWrites=true&w=majority","timestamp":"2020-12-17T20:03:59.497Z"}
{"level":"info","message":"Listening on port 5000...","timestamp":"2020-12-17T20:09:32.155Z"}
{"level":"info","message":"Connected to mongodb+srv://leonli:1582@notesdb.efalk.mongodb.net/notes?retryWrites=true&w=majority","timestamp":"2020-12-17T20:09:32.916Z"}
{"level":"info","message":"Listening on port 5000...","timestamp":"2020-12-17T20:12:44.216Z"}
{"level":"info","message":"Connected to mongodb+srv://leonli:1582@notesdb.efalk.mongodb.net/notes?retryWrites=true&w=majority","timestamp":"2020-12-17T20:12:44.849Z"}
{"level":"info","message":"Listening on port 3000...","timestamp":"2020-12-17T20:38:22.761Z"}
{"level":"info","message":"Connected to mongodb+srv://leonli:1582@notesdb.efalk.mongodb.net/notes?retryWrites=true&w=majority","timestamp":"2020-12-17T20:38:23.461Z"}
{"level":"info","message":"Listening on port 5000...","timestamp":"2020-12-17T20:39:54.804Z"}
{"level":"info","message":"Connected to mongodb+srv://leonli:1582@notesdb.efalk.mongodb.net/notes?retryWrites=true&w=majority","timestamp":"2020-12-17T20:39:55.348Z"}
{"level":"info","message":"Listening on port 3000...","timestamp":"2020-12-17T21:55:23.755Z"}
{"level":"info","message":"Connected to mongodb+srv://leonli:1582@notesdb.efalk.mongodb.net/notes?retryWrites=true&w=majority","timestamp":"2020-12-17T21:55:24.470Z"}
{"level":"info","message":"Listening on port 3000...","timestamp":"2020-12-17T22:31:21.240Z"}
{"level":"info","message":"Connected to mongodb+srv://leonli:1582@notesdb.efalk.mongodb.net/notes?retryWrites=true&w=majority","timestamp":"2020-12-17T22:31:21.842Z"}
{"level":"info","message":"Listening on port 3000...","timestamp":"2020-12-17T22:37:49.165Z"}
{"level":"info","message":"Connected to mongodb+srv://leonli:1582@notesdb.efalk.mongodb.net/notes_test?retryWrites=true&w=majority","timestamp":"2020-12-17T22:37:49.756Z"}
